Analysis & Synthesis report for partII
Sun Jan 21 08:51:15 2024
Quartus Prime Version 19.1.0 Build 670 09/22/2019 SJ Lite Edition


---------------------
; Table of Contents ;
---------------------
  1. Legal Notice
  2. Analysis & Synthesis Summary
  3. Analysis & Synthesis Settings
  4. Parallel Compilation
  5. Analysis & Synthesis Source Files Read
  6. Analysis & Synthesis Resource Usage Summary
  7. Analysis & Synthesis Resource Utilization by Entity
  8. General Register Statistics
  9. Port Connectivity Checks: "myMultiplier:mult1|mult4:a3"
 10. Port Connectivity Checks: "myMultiplier:mult1|mult4:a2"
 11. Port Connectivity Checks: "myMultiplier:mult1|mult4:a1|mult:m1"
 12. Port Connectivity Checks: "myMultiplier:mult1|mult4:a1"
 13. Post-Synthesis Netlist Statistics for Top Partition
 14. Elapsed Time Per Partition
 15. Analysis & Synthesis Messages



----------------
; Legal Notice ;
----------------
Copyright (C) 2019  Intel Corporation. All rights reserved.
Your use of Intel Corporation's design tools, logic functions 
and other software and tools, and any partner logic 
functions, and any output files from any of the foregoing 
(including device programming or simulation files), and any 
associated documentation or information are expressly subject 
to the terms and conditions of the Intel Program License 
Subscription Agreement, the Intel Quartus Prime License Agreement,
the Intel FPGA IP License Agreement, or other applicable license
agreement, including, without limitation, that your use is for
the sole purpose of programming logic devices manufactured by
Intel and sold by Intel or its authorized distributors.  Please
refer to the applicable agreement for further details, at
https://fpgasoftware.intel.com/eula.



+----------------------------------------------------------------------------------+
; Analysis & Synthesis Summary                                                     ;
+------------------------------------+---------------------------------------------+
; Analysis & Synthesis Status        ; Successful - Sun Jan 21 08:51:15 2024       ;
; Quartus Prime Version              ; 19.1.0 Build 670 09/22/2019 SJ Lite Edition ;
; Revision Name                      ; partII                                      ;
; Top-level Entity Name              ; partII                                      ;
; Family                             ; MAX 10                                      ;
; Total logic elements               ; 59                                          ;
;     Total combinational functions  ; 59                                          ;
;     Dedicated logic registers      ; 0                                           ;
; Total registers                    ; 0                                           ;
; Total pins                         ; 58                                          ;
; Total virtual pins                 ; 0                                           ;
; Total memory bits                  ; 0                                           ;
; Embedded Multiplier 9-bit elements ; 0                                           ;
; Total PLLs                         ; 0                                           ;
; UFM blocks                         ; 0                                           ;
; ADC blocks                         ; 0                                           ;
+------------------------------------+---------------------------------------------+


+------------------------------------------------------------------------------------------------------------+
; Analysis & Synthesis Settings                                                                              ;
+------------------------------------------------------------------+--------------------+--------------------+
; Option                                                           ; Setting            ; Default Value      ;
+------------------------------------------------------------------+--------------------+--------------------+
; Device                                                           ; 10M50DAF484C7G     ;                    ;
; Top-level entity name                                            ; partII             ; partII             ;
; Family name                                                      ; MAX 10 FPGA        ; Cyclone V          ;
; Use smart compilation                                            ; Off                ; Off                ;
; Enable parallel Assembler and Timing Analyzer during compilation ; On                 ; On                 ;
; Enable compact report table                                      ; Off                ; Off                ;
; Restructure Multiplexers                                         ; Auto               ; Auto               ;
; Create Debugging Nodes for IP Cores                              ; Off                ; Off                ;
; Preserve fewer node names                                        ; On                 ; On                 ;
; Intel FPGA IP Evaluation Mode                                    ; Enable             ; Enable             ;
; Verilog Version                                                  ; Verilog_2001       ; Verilog_2001       ;
; VHDL Version                                                     ; VHDL_1993          ; VHDL_1993          ;
; State Machine Processing                                         ; Auto               ; Auto               ;
; Safe State Machine                                               ; Off                ; Off                ;
; Extract Verilog State Machines                                   ; On                 ; On                 ;
; Extract VHDL State Machines                                      ; On                 ; On                 ;
; Ignore Verilog initial constructs                                ; Off                ; Off                ;
; Iteration limit for constant Verilog loops                       ; 5000               ; 5000               ;
; Iteration limit for non-constant Verilog loops                   ; 250                ; 250                ;
; Add Pass-Through Logic to Inferred RAMs                          ; On                 ; On                 ;
; Infer RAMs from Raw Logic                                        ; On                 ; On                 ;
; Parallel Synthesis                                               ; On                 ; On                 ;
; DSP Block Balancing                                              ; Auto               ; Auto               ;
; NOT Gate Push-Back                                               ; On                 ; On                 ;
; Power-Up Don't Care                                              ; On                 ; On                 ;
; Remove Redundant Logic Cells                                     ; Off                ; Off                ;
; Remove Duplicate Registers                                       ; On                 ; On                 ;
; Ignore CARRY Buffers                                             ; Off                ; Off                ;
; Ignore CASCADE Buffers                                           ; Off                ; Off                ;
; Ignore GLOBAL Buffers                                            ; Off                ; Off                ;
; Ignore ROW GLOBAL Buffers                                        ; Off                ; Off                ;
; Ignore LCELL Buffers                                             ; Off                ; Off                ;
; Ignore SOFT Buffers                                              ; On                 ; On                 ;
; Limit AHDL Integers to 32 Bits                                   ; Off                ; Off                ;
; Optimization Technique                                           ; Balanced           ; Balanced           ;
; Carry Chain Length                                               ; 70                 ; 70                 ;
; Auto Carry Chains                                                ; On                 ; On                 ;
; Auto Open-Drain Pins                                             ; On                 ; On                 ;
; Perform WYSIWYG Primitive Resynthesis                            ; Off                ; Off                ;
; Auto ROM Replacement                                             ; On                 ; On                 ;
; Auto RAM Replacement                                             ; On                 ; On                 ;
; Auto DSP Block Replacement                                       ; On                 ; On                 ;
; Auto Shift Register Replacement                                  ; Auto               ; Auto               ;
; Allow Shift Register Merging across Hierarchies                  ; Auto               ; Auto               ;
; Auto Clock Enable Replacement                                    ; On                 ; On                 ;
; Strict RAM Replacement                                           ; Off                ; Off                ;
; Allow Synchronous Control Signals                                ; On                 ; On                 ;
; Force Use of Synchronous Clear Signals                           ; Off                ; Off                ;
; Auto RAM Block Balancing                                         ; On                 ; On                 ;
; Auto RAM to Logic Cell Conversion                                ; Off                ; Off                ;
; Auto Resource Sharing                                            ; Off                ; Off                ;
; Allow Any RAM Size For Recognition                               ; Off                ; Off                ;
; Allow Any ROM Size For Recognition                               ; Off                ; Off                ;
; Allow Any Shift Register Size For Recognition                    ; Off                ; Off                ;
; Use LogicLock Constraints during Resource Balancing              ; On                 ; On                 ;
; Ignore translate_off and synthesis_off directives                ; Off                ; Off                ;
; Timing-Driven Synthesis                                          ; On                 ; On                 ;
; Report Parameter Settings                                        ; On                 ; On                 ;
; Report Source Assignments                                        ; On                 ; On                 ;
; Report Connectivity Checks                                       ; On                 ; On                 ;
; Ignore Maximum Fan-Out Assignments                               ; Off                ; Off                ;
; Synchronization Register Chain Length                            ; 2                  ; 2                  ;
; Power Optimization During Synthesis                              ; Normal compilation ; Normal compilation ;
; HDL message level                                                ; Level2             ; Level2             ;
; Suppress Register Optimization Related Messages                  ; Off                ; Off                ;
; Number of Removed Registers Reported in Synthesis Report         ; 5000               ; 5000               ;
; Number of Swept Nodes Reported in Synthesis Report               ; 5000               ; 5000               ;
; Number of Inverted Registers Reported in Synthesis Report        ; 100                ; 100                ;
; Clock MUX Protection                                             ; On                 ; On                 ;
; Auto Gated Clock Conversion                                      ; Off                ; Off                ;
; Block Design Naming                                              ; Auto               ; Auto               ;
; SDC constraint protection                                        ; Off                ; Off                ;
; Synthesis Effort                                                 ; Auto               ; Auto               ;
; Shift Register Replacement - Allow Asynchronous Clear Signal     ; On                 ; On                 ;
; Pre-Mapping Resynthesis Optimization                             ; Off                ; Off                ;
; Analysis & Synthesis Message Level                               ; Medium             ; Medium             ;
; Disable Register Merging Across Hierarchies                      ; Auto               ; Auto               ;
; Resource Aware Inference For Block RAM                           ; On                 ; On                 ;
+------------------------------------------------------------------+--------------------+--------------------+


+------------------------------------------+
; Parallel Compilation                     ;
+----------------------------+-------------+
; Processors                 ; Number      ;
+----------------------------+-------------+
; Number detected on machine ; 8           ;
; Maximum allowed            ; 4           ;
;                            ;             ;
; Average used               ; 1.00        ;
; Maximum used               ; 1           ;
;                            ;             ;
; Usage by Processor         ; % Time Used ;
;     Processor 1            ; 100.0%      ;
+----------------------------+-------------+


+---------------------------------------------------------------------------------------------------------------------------------------------------------------+
; Analysis & Synthesis Source Files Read                                                                                                                        ;
+----------------------------------+-----------------+------------------------------+-----------------------------------------------------------------+---------+
; File Name with User-Entered Path ; Used in Netlist ; File Type                    ; File Name with Absolute Path                                    ; Library ;
+----------------------------------+-----------------+------------------------------+-----------------------------------------------------------------+---------+
; ../../hdl/myMultiplier.v         ; yes             ; User Verilog HDL File        ; C:/Users/Tao Wang/Desktop/EEC180/lab2/hdl/myMultiplier.v        ;         ;
; ../../hdl/mult4.v                ; yes             ; User Verilog HDL File        ; C:/Users/Tao Wang/Desktop/EEC180/lab2/hdl/mult4.v               ;         ;
; ../../hdl/mult.v                 ; yes             ; User Verilog HDL File        ; C:/Users/Tao Wang/Desktop/EEC180/lab2/hdl/mult.v                ;         ;
; ../../hdl/decoder.v              ; yes             ; User Verilog HDL File        ; C:/Users/Tao Wang/Desktop/EEC180/lab2/hdl/decoder.v             ;         ;
; partii.v                         ; yes             ; Auto-Found Verilog HDL File  ; C:/Users/Tao Wang/Desktop/EEC180/lab2/synthesis/partII/partii.v ;         ;
+----------------------------------+-----------------+------------------------------+-----------------------------------------------------------------+---------+


+-----------------------------------------------------------+
; Analysis & Synthesis Resource Usage Summary               ;
+---------------------------------------------+-------------+
; Resource                                    ; Usage       ;
+---------------------------------------------+-------------+
; Estimated Total logic elements              ; 59          ;
;                                             ;             ;
; Total combinational functions               ; 59          ;
; Logic element usage by number of LUT inputs ;             ;
;     -- 4 input functions                    ; 46          ;
;     -- 3 input functions                    ; 4           ;
;     -- <=2 input functions                  ; 9           ;
;                                             ;             ;
; Logic elements by mode                      ;             ;
;     -- normal mode                          ; 59          ;
;     -- arithmetic mode                      ; 0           ;
;                                             ;             ;
; Total registers                             ; 0           ;
;     -- Dedicated logic registers            ; 0           ;
;     -- I/O registers                        ; 0           ;
;                                             ;             ;
; I/O pins                                    ; 58          ;
;                                             ;             ;
; Embedded Multiplier 9-bit elements          ; 0           ;
;                                             ;             ;
; Maximum fan-out node                        ; SW[0]~input ;
; Maximum fan-out                             ; 14          ;
; Total fan-out                               ; 300         ;
; Average fan-out                             ; 1.71        ;
+---------------------------------------------+-------------+


+-------------------------------------------------------------------------------------------------------------------------------------------------------------------------------------------------------------------------------------------------------------+
; Analysis & Synthesis Resource Utilization by Entity                                                                                                                                                                                                         ;
+----------------------------+---------------------+---------------------------+-------------+------------+--------------+---------+-----------+------+--------------+------------+---------------------------------------------+--------------+--------------+
; Compilation Hierarchy Node ; Combinational ALUTs ; Dedicated Logic Registers ; Memory Bits ; UFM Blocks ; DSP Elements ; DSP 9x9 ; DSP 18x18 ; Pins ; Virtual Pins ; ADC blocks ; Full Hierarchy Name                         ; Entity Name  ; Library Name ;
+----------------------------+---------------------+---------------------------+-------------+------------+--------------+---------+-----------+------+--------------+------------+---------------------------------------------+--------------+--------------+
; |partII                    ; 59 (0)              ; 0 (0)                     ; 0           ; 0          ; 0            ; 0       ; 0         ; 58   ; 0            ; 0          ; |partII                                     ; partII       ; work         ;
;    |decoder:decoder1|      ; 7 (7)               ; 0 (0)                     ; 0           ; 0          ; 0            ; 0       ; 0         ; 0    ; 0            ; 0          ; |partII|decoder:decoder1                    ; decoder      ; work         ;
;    |decoder:decoder2|      ; 7 (7)               ; 0 (0)                     ; 0           ; 0          ; 0            ; 0       ; 0         ; 0    ; 0            ; 0          ; |partII|decoder:decoder2                    ; decoder      ; work         ;
;    |decoder:decoder3|      ; 7 (7)               ; 0 (0)                     ; 0           ; 0          ; 0            ; 0       ; 0         ; 0    ; 0            ; 0          ; |partII|decoder:decoder3                    ; decoder      ; work         ;
;    |decoder:decoder4|      ; 7 (7)               ; 0 (0)                     ; 0           ; 0          ; 0            ; 0       ; 0         ; 0    ; 0            ; 0          ; |partII|decoder:decoder4                    ; decoder      ; work         ;
;    |myMultiplier:mult1|    ; 31 (1)              ; 0 (0)                     ; 0           ; 0          ; 0            ; 0       ; 0         ; 0    ; 0            ; 0          ; |partII|myMultiplier:mult1                  ; myMultiplier ; work         ;
;       |mult4:a1|           ; 9 (0)               ; 0 (0)                     ; 0           ; 0          ; 0            ; 0       ; 0         ; 0    ; 0            ; 0          ; |partII|myMultiplier:mult1|mult4:a1         ; mult4        ; work         ;
;          |mult:m1|         ; 2 (2)               ; 0 (0)                     ; 0           ; 0          ; 0            ; 0       ; 0         ; 0    ; 0            ; 0          ; |partII|myMultiplier:mult1|mult4:a1|mult:m1 ; mult         ; work         ;
;          |mult:m2|         ; 3 (3)               ; 0 (0)                     ; 0           ; 0          ; 0            ; 0       ; 0         ; 0    ; 0            ; 0          ; |partII|myMultiplier:mult1|mult4:a1|mult:m2 ; mult         ; work         ;
;          |mult:m3|         ; 3 (3)               ; 0 (0)                     ; 0           ; 0          ; 0            ; 0       ; 0         ; 0    ; 0            ; 0          ; |partII|myMultiplier:mult1|mult4:a1|mult:m3 ; mult         ; work         ;
;          |mult:m6|         ; 1 (1)               ; 0 (0)                     ; 0           ; 0          ; 0            ; 0       ; 0         ; 0    ; 0            ; 0          ; |partII|myMultiplier:mult1|mult4:a1|mult:m6 ; mult         ; work         ;
;       |mult4:a2|           ; 11 (0)              ; 0 (0)                     ; 0           ; 0          ; 0            ; 0       ; 0         ; 0    ; 0            ; 0          ; |partII|myMultiplier:mult1|mult4:a2         ; mult4        ; work         ;
;          |mult:m1|         ; 2 (2)               ; 0 (0)                     ; 0           ; 0          ; 0            ; 0       ; 0         ; 0    ; 0            ; 0          ; |partII|myMultiplier:mult1|mult4:a2|mult:m1 ; mult         ; work         ;
;          |mult:m2|         ; 3 (3)               ; 0 (0)                     ; 0           ; 0          ; 0            ; 0       ; 0         ; 0    ; 0            ; 0          ; |partII|myMultiplier:mult1|mult4:a2|mult:m2 ; mult         ; work         ;
;          |mult:m3|         ; 3 (3)               ; 0 (0)                     ; 0           ; 0          ; 0            ; 0       ; 0         ; 0    ; 0            ; 0          ; |partII|myMultiplier:mult1|mult4:a2|mult:m3 ; mult         ; work         ;
;          |mult:m6|         ; 3 (3)               ; 0 (0)                     ; 0           ; 0          ; 0            ; 0       ; 0         ; 0    ; 0            ; 0          ; |partII|myMultiplier:mult1|mult4:a2|mult:m6 ; mult         ; work         ;
;       |mult4:a3|           ; 10 (0)              ; 0 (0)                     ; 0           ; 0          ; 0            ; 0       ; 0         ; 0    ; 0            ; 0          ; |partII|myMultiplier:mult1|mult4:a3         ; mult4        ; work         ;
;          |mult:m1|         ; 2 (2)               ; 0 (0)                     ; 0           ; 0          ; 0            ; 0       ; 0         ; 0    ; 0            ; 0          ; |partII|myMultiplier:mult1|mult4:a3|mult:m1 ; mult         ; work         ;
;          |mult:m2|         ; 3 (3)               ; 0 (0)                     ; 0           ; 0          ; 0            ; 0       ; 0         ; 0    ; 0            ; 0          ; |partII|myMultiplier:mult1|mult4:a3|mult:m2 ; mult         ; work         ;
;          |mult:m3|         ; 3 (3)               ; 0 (0)                     ; 0           ; 0          ; 0            ; 0       ; 0         ; 0    ; 0            ; 0          ; |partII|myMultiplier:mult1|mult4:a3|mult:m3 ; mult         ; work         ;
;          |mult:m6|         ; 2 (2)               ; 0 (0)                     ; 0           ; 0          ; 0            ; 0       ; 0         ; 0    ; 0            ; 0          ; |partII|myMultiplier:mult1|mult4:a3|mult:m6 ; mult         ; work         ;
+----------------------------+---------------------+---------------------------+-------------+------------+--------------+---------+-----------+------+--------------+------------+---------------------------------------------+--------------+--------------+
Note: For table entries with two numbers listed, the numbers in parentheses indicate the number of resources of the given type used by the specific entity alone. The numbers listed outside of parentheses indicate the total resources of the given type used by the specific entity and all of its sub-entities in the hierarchy.


+------------------------------------------------------+
; General Register Statistics                          ;
+----------------------------------------------+-------+
; Statistic                                    ; Value ;
+----------------------------------------------+-------+
; Total registers                              ; 0     ;
; Number of registers using Synchronous Clear  ; 0     ;
; Number of registers using Synchronous Load   ; 0     ;
; Number of registers using Asynchronous Clear ; 0     ;
; Number of registers using Asynchronous Load  ; 0     ;
; Number of registers using Clock Enable       ; 0     ;
; Number of registers using Preset             ; 0     ;
+----------------------------------------------+-------+


+---------------------------------------------------------+
; Port Connectivity Checks: "myMultiplier:mult1|mult4:a3" ;
+-------+-------+----------+------------------------------+
; Port  ; Type  ; Severity ; Details                      ;
+-------+-------+----------+------------------------------+
; i[12] ; Input ; Info     ; Stuck at VCC                 ;
; i[8]  ; Input ; Info     ; Stuck at VCC                 ;
; i[4]  ; Input ; Info     ; Stuck at VCC                 ;
; i[0]  ; Input ; Info     ; Stuck at VCC                 ;
+-------+-------+----------+------------------------------+


+---------------------------------------------------------+
; Port Connectivity Checks: "myMultiplier:mult1|mult4:a2" ;
+-------+-------+----------+------------------------------+
; Port  ; Type  ; Severity ; Details                      ;
+-------+-------+----------+------------------------------+
; i[12] ; Input ; Info     ; Stuck at VCC                 ;
; i[8]  ; Input ; Info     ; Stuck at VCC                 ;
; i[4]  ; Input ; Info     ; Stuck at VCC                 ;
; i[0]  ; Input ; Info     ; Stuck at VCC                 ;
+-------+-------+----------+------------------------------+


+-----------------------------------------------------------------+
; Port Connectivity Checks: "myMultiplier:mult1|mult4:a1|mult:m1" ;
+------+-------+----------+---------------------------------------+
; Port ; Type  ; Severity ; Details                               ;
+------+-------+----------+---------------------------------------+
; cin  ; Input ; Info     ; Stuck at GND                          ;
+------+-------+----------+---------------------------------------+


+---------------------------------------------------------+
; Port Connectivity Checks: "myMultiplier:mult1|mult4:a1" ;
+-----------+-------+----------+--------------------------+
; Port      ; Type  ; Severity ; Details                  ;
+-----------+-------+----------+--------------------------+
; i[13..12] ; Input ; Info     ; Stuck at GND             ;
+-----------+-------+----------+--------------------------+


+-----------------------------------------------------+
; Post-Synthesis Netlist Statistics for Top Partition ;
+-----------------------+-----------------------------+
; Type                  ; Count                       ;
+-----------------------+-----------------------------+
; boundary_port         ; 58                          ;
; cycloneiii_lcell_comb ; 64                          ;
;     normal            ; 64                          ;
;         0 data inputs ; 1                           ;
;         1 data inputs ; 4                           ;
;         2 data inputs ; 9                           ;
;         3 data inputs ; 4                           ;
;         4 data inputs ; 46                          ;
;                       ;                             ;
; Max LUT depth         ; 10.00                       ;
; Average LUT depth     ; 6.46                        ;
+-----------------------+-----------------------------+


+-------------------------------+
; Elapsed Time Per Partition    ;
+----------------+--------------+
; Partition Name ; Elapsed Time ;
+----------------+--------------+
; Top            ; 00:00:00     ;
+----------------+--------------+


+-------------------------------+
; Analysis & Synthesis Messages ;
+-------------------------------+
Info: *******************************************************************
Info: Running Quartus Prime Analysis & Synthesis
    Info: Version 19.1.0 Build 670 09/22/2019 SJ Lite Edition
    Info: Processing started: Sun Jan 21 08:51:02 2024
Info: Command: quartus_map --read_settings_files=on --write_settings_files=off partII -c partII
Warning (18236): Number of processors has not been specified which may cause overloading on shared machines.  Set the global assignment NUM_PARALLEL_PROCESSORS in your QSF to an appropriate value for best performance.
Info (20030): Parallel compilation is enabled and will use 4 of the 4 processors detected
Info (12021): Found 1 design units, including 1 entities, in source file /users/tao wang/desktop/eec180/lab2/hdl/mymultiplier.v
    Info (12023): Found entity 1: myMultiplier File: C:/Users/Tao Wang/Desktop/EEC180/lab2/hdl/myMultiplier.v Line: 1
Warning (12090): Entity "mult4" obtained from "../../hdl/mult4.v" instead of from Quartus Prime megafunction library File: C:/Users/Tao Wang/Desktop/EEC180/lab2/hdl/mult4.v Line: 1
Info (12021): Found 1 design units, including 1 entities, in source file /users/tao wang/desktop/eec180/lab2/hdl/mult4.v
    Info (12023): Found entity 1: mult4 File: C:/Users/Tao Wang/Desktop/EEC180/lab2/hdl/mult4.v Line: 1
Info (12021): Found 1 design units, including 1 entities, in source file /users/tao wang/desktop/eec180/lab2/hdl/mult.v
    Info (12023): Found entity 1: mult File: C:/Users/Tao Wang/Desktop/EEC180/lab2/hdl/mult.v Line: 1
Info (12021): Found 1 design units, including 1 entities, in source file /users/tao wang/desktop/eec180/lab2/hdl/decoder.v
    Info (12023): Found entity 1: decoder File: C:/Users/Tao Wang/Desktop/EEC180/lab2/hdl/decoder.v Line: 1
Warning (10236): Verilog HDL Implicit Net warning at mult.v(6): created implicit net for "a" File: C:/Users/Tao Wang/Desktop/EEC180/lab2/hdl/mult.v Line: 6
Warning (10236): Verilog HDL Implicit Net warning at mult.v(7): created implicit net for "b" File: C:/Users/Tao Wang/Desktop/EEC180/lab2/hdl/mult.v Line: 7
Warning (10236): Verilog HDL Implicit Net warning at mult.v(10): created implicit net for "w1" File: C:/Users/Tao Wang/Desktop/EEC180/lab2/hdl/mult.v Line: 10
Warning (10236): Verilog HDL Implicit Net warning at mult.v(11): created implicit net for "w2" File: C:/Users/Tao Wang/Desktop/EEC180/lab2/hdl/mult.v Line: 11
Warning (10236): Verilog HDL Implicit Net warning at mult.v(12): created implicit net for "w3" File: C:/Users/Tao Wang/Desktop/EEC180/lab2/hdl/mult.v Line: 12
Warning (10236): Verilog HDL Implicit Net warning at mult.v(13): created implicit net for "w4" File: C:/Users/Tao Wang/Desktop/EEC180/lab2/hdl/mult.v Line: 13
Warning (10236): Verilog HDL Implicit Net warning at mult.v(17): created implicit net for "w5" File: C:/Users/Tao Wang/Desktop/EEC180/lab2/hdl/mult.v Line: 17
Warning (12125): Using design file partii.v, which is not specified as a design file for the current project, but contains definitions for 1 design units and 1 entities in project
    Info (12023): Found entity 1: partII File: C:/Users/Tao Wang/Desktop/EEC180/lab2/synthesis/partII/partii.v Line: 6
Info (12127): Elaborating entity "partII" for the top level hierarchy
Info (12128): Elaborating entity "myMultiplier" for hierarchy "myMultiplier:mult1" File: C:/Users/Tao Wang/Desktop/EEC180/lab2/synthesis/partII/partii.v Line: 40
Info (12128): Elaborating entity "mult4" for hierarchy "myMultiplier:mult1|mult4:a1" File: C:/Users/Tao Wang/Desktop/EEC180/lab2/hdl/myMultiplier.v Line: 16
Info (12128): Elaborating entity "mult" for hierarchy "myMultiplier:mult1|mult4:a1|mult:m1" File: C:/Users/Tao Wang/Desktop/EEC180/lab2/hdl/mult4.v Line: 16
Info (12128): Elaborating entity "decoder" for hierarchy "decoder:decoder1" File: C:/Users/Tao Wang/Desktop/EEC180/lab2/synthesis/partII/partii.v Line: 45
Warning (13024): Output pins are stuck at VCC or GND
    Warning (13410): Pin "HEX0[7]" is stuck at VCC File: C:/Users/Tao Wang/Desktop/EEC180/lab2/synthesis/partII/partii.v Line: 9
    Warning (13410): Pin "HEX1[7]" is stuck at VCC File: C:/Users/Tao Wang/Desktop/EEC180/lab2/synthesis/partII/partii.v Line: 10
    Warning (13410): Pin "HEX2[7]" is stuck at VCC File: C:/Users/Tao Wang/Desktop/EEC180/lab2/synthesis/partII/partii.v Line: 11
    Warning (13410): Pin "HEX3[7]" is stuck at VCC File: C:/Users/Tao Wang/Desktop/EEC180/lab2/synthesis/partII/partii.v Line: 12
    Warning (13410): Pin "HEX4[0]" is stuck at VCC File: C:/Users/Tao Wang/Desktop/EEC180/lab2/synthesis/partII/partii.v Line: 13
    Warning (13410): Pin "HEX4[1]" is stuck at VCC File: C:/Users/Tao Wang/Desktop/EEC180/lab2/synthesis/partII/partii.v Line: 13
    Warning (13410): Pin "HEX4[2]" is stuck at VCC File: C:/Users/Tao Wang/Desktop/EEC180/lab2/synthesis/partII/partii.v Line: 13
    Warning (13410): Pin "HEX4[3]" is stuck at VCC File: C:/Users/Tao Wang/Desktop/EEC180/lab2/synthesis/partII/partii.v Line: 13
    Warning (13410): Pin "HEX4[4]" is stuck at VCC File: C:/Users/Tao Wang/Desktop/EEC180/lab2/synthesis/partII/partii.v Line: 13
    Warning (13410): Pin "HEX4[5]" is stuck at VCC File: C:/Users/Tao Wang/Desktop/EEC180/lab2/synthesis/partII/partii.v Line: 13
    Warning (13410): Pin "HEX4[6]" is stuck at VCC File: C:/Users/Tao Wang/Desktop/EEC180/lab2/synthesis/partII/partii.v Line: 13
    Warning (13410): Pin "HEX4[7]" is stuck at VCC File: C:/Users/Tao Wang/Desktop/EEC180/lab2/synthesis/partII/partii.v Line: 13
    Warning (13410): Pin "HEX5[0]" is stuck at VCC File: C:/Users/Tao Wang/Desktop/EEC180/lab2/synthesis/partII/partii.v Line: 14
    Warning (13410): Pin "HEX5[1]" is stuck at VCC File: C:/Users/Tao Wang/Desktop/EEC180/lab2/synthesis/partII/partii.v Line: 14
    Warning (13410): Pin "HEX5[2]" is stuck at VCC File: C:/Users/Tao Wang/Desktop/EEC180/lab2/synthesis/partII/partii.v Line: 14
    Warning (13410): Pin "HEX5[3]" is stuck at VCC File: C:/Users/Tao Wang/Desktop/EEC180/lab2/synthesis/partII/partii.v Line: 14
    Warning (13410): Pin "HEX5[4]" is stuck at VCC File: C:/Users/Tao Wang/Desktop/EEC180/lab2/synthesis/partII/partii.v Line: 14
    Warning (13410): Pin "HEX5[5]" is stuck at VCC File: C:/Users/Tao Wang/Desktop/EEC180/lab2/synthesis/partII/partii.v Line: 14
    Warning (13410): Pin "HEX5[6]" is stuck at VCC File: C:/Users/Tao Wang/Desktop/EEC180/lab2/synthesis/partII/partii.v Line: 14
    Warning (13410): Pin "HEX5[7]" is stuck at VCC File: C:/Users/Tao Wang/Desktop/EEC180/lab2/synthesis/partII/partii.v Line: 14
Info (286030): Timing-Driven Synthesis is running
Info (16010): Generating hard_block partition "hard_block:auto_generated_inst"
    Info (16011): Adding 0 node(s), including 0 DDIO, 0 PLL, 0 transceiver and 0 LCELL
Warning (21074): Design contains 2 input pin(s) that do not drive logic
    Warning (15610): No output dependent on input pin "SW[8]" File: C:/Users/Tao Wang/Desktop/EEC180/lab2/synthesis/partII/partii.v Line: 18
    Warning (15610): No output dependent on input pin "SW[9]" File: C:/Users/Tao Wang/Desktop/EEC180/lab2/synthesis/partII/partii.v Line: 18
Info (21057): Implemented 117 device resources after synthesis - the final resource count might be different
    Info (21058): Implemented 10 input pins
    Info (21059): Implemented 48 output pins
    Info (21061): Implemented 59 logic cells
Info: Quartus Prime Analysis & Synthesis was successful. 0 errors, 34 warnings
    Info: Peak virtual memory: 4752 megabytes
    Info: Processing ended: Sun Jan 21 08:51:15 2024
    Info: Elapsed time: 00:00:13
    Info: Total CPU time (on all processors): 00:00:30


