Analysis & Synthesis report for Lab5_P2
Wed Feb 21 09:01:19 2024
Quartus Prime Version 19.1.0 Build 670 09/22/2019 SJ Lite Edition


---------------------
; Table of Contents ;
---------------------
  1. Legal Notice
  2. Analysis & Synthesis Summary
  3. Analysis & Synthesis Settings
  4. Parallel Compilation
  5. Analysis & Synthesis Source Files Read
  6. Analysis & Synthesis Resource Usage Summary
  7. Analysis & Synthesis Resource Utilization by Entity
  8. State Machine - |Lab5_P2|booth:multiplier|state
  9. Registers Removed During Synthesis
 10. Removed Registers Triggering Further Register Optimizations
 11. General Register Statistics
 12. Port Connectivity Checks: "booth:multiplier"
 13. Post-Synthesis Netlist Statistics for Top Partition
 14. Elapsed Time Per Partition
 15. Analysis & Synthesis Messages
 16. Analysis & Synthesis Suppressed Messages



----------------
; Legal Notice ;
----------------
Copyright (C) 2019  Intel Corporation. All rights reserved.
Your use of Intel Corporation's design tools, logic functions 
and other software and tools, and any partner logic 
functions, and any output files from any of the foregoing 
(including device programming or simulation files), and any 
associated documentation or information are expressly subject 
to the terms and conditions of the Intel Program License 
Subscription Agreement, the Intel Quartus Prime License Agreement,
the Intel FPGA IP License Agreement, or other applicable license
agreement, including, without limitation, that your use is for
the sole purpose of programming logic devices manufactured by
Intel and sold by Intel or its authorized distributors.  Please
refer to the applicable agreement for further details, at
https://fpgasoftware.intel.com/eula.



+----------------------------------------------------------------------------------+
; Analysis & Synthesis Summary                                                     ;
+------------------------------------+---------------------------------------------+
; Analysis & Synthesis Status        ; Successful - Wed Feb 21 09:01:19 2024       ;
; Quartus Prime Version              ; 19.1.0 Build 670 09/22/2019 SJ Lite Edition ;
; Revision Name                      ; Lab5_P2                                     ;
; Top-level Entity Name              ; Lab5_P2                                     ;
; Family                             ; MAX 10                                      ;
; Total logic elements               ; 0                                           ;
;     Total combinational functions  ; 0                                           ;
;     Dedicated logic registers      ; 0                                           ;
; Total registers                    ; 0                                           ;
; Total pins                         ; 60                                          ;
; Total virtual pins                 ; 0                                           ;
; Total memory bits                  ; 0                                           ;
; Embedded Multiplier 9-bit elements ; 0                                           ;
; Total PLLs                         ; 0                                           ;
; UFM blocks                         ; 0                                           ;
; ADC blocks                         ; 0                                           ;
+------------------------------------+---------------------------------------------+


+------------------------------------------------------------------------------------------------------------+
; Analysis & Synthesis Settings                                                                              ;
+------------------------------------------------------------------+--------------------+--------------------+
; Option                                                           ; Setting            ; Default Value      ;
+------------------------------------------------------------------+--------------------+--------------------+
; Device                                                           ; 10M50DAF484C7G     ;                    ;
; Top-level entity name                                            ; Lab5_P2            ; Lab5_P2            ;
; Family name                                                      ; MAX 10 FPGA        ; Cyclone V          ;
; Use smart compilation                                            ; Off                ; Off                ;
; Enable parallel Assembler and Timing Analyzer during compilation ; On                 ; On                 ;
; Enable compact report table                                      ; Off                ; Off                ;
; Restructure Multiplexers                                         ; Auto               ; Auto               ;
; Create Debugging Nodes for IP Cores                              ; Off                ; Off                ;
; Preserve fewer node names                                        ; On                 ; On                 ;
; Intel FPGA IP Evaluation Mode                                    ; Enable             ; Enable             ;
; Verilog Version                                                  ; Verilog_2001       ; Verilog_2001       ;
; VHDL Version                                                     ; VHDL_1993          ; VHDL_1993          ;
; State Machine Processing                                         ; Auto               ; Auto               ;
; Safe State Machine                                               ; Off                ; Off                ;
; Extract Verilog State Machines                                   ; On                 ; On                 ;
; Extract VHDL State Machines                                      ; On                 ; On                 ;
; Ignore Verilog initial constructs                                ; Off                ; Off                ;
; Iteration limit for constant Verilog loops                       ; 5000               ; 5000               ;
; Iteration limit for non-constant Verilog loops                   ; 250                ; 250                ;
; Add Pass-Through Logic to Inferred RAMs                          ; On                 ; On                 ;
; Infer RAMs from Raw Logic                                        ; On                 ; On                 ;
; Parallel Synthesis                                               ; On                 ; On                 ;
; DSP Block Balancing                                              ; Auto               ; Auto               ;
; NOT Gate Push-Back                                               ; On                 ; On                 ;
; Power-Up Don't Care                                              ; On                 ; On                 ;
; Remove Redundant Logic Cells                                     ; Off                ; Off                ;
; Remove Duplicate Registers                                       ; On                 ; On                 ;
; Ignore CARRY Buffers                                             ; Off                ; Off                ;
; Ignore CASCADE Buffers                                           ; Off                ; Off                ;
; Ignore GLOBAL Buffers                                            ; Off                ; Off                ;
; Ignore ROW GLOBAL Buffers                                        ; Off                ; Off                ;
; Ignore LCELL Buffers                                             ; Off                ; Off                ;
; Ignore SOFT Buffers                                              ; On                 ; On                 ;
; Limit AHDL Integers to 32 Bits                                   ; Off                ; Off                ;
; Optimization Technique                                           ; Balanced           ; Balanced           ;
; Carry Chain Length                                               ; 70                 ; 70                 ;
; Auto Carry Chains                                                ; On                 ; On                 ;
; Auto Open-Drain Pins                                             ; On                 ; On                 ;
; Perform WYSIWYG Primitive Resynthesis                            ; Off                ; Off                ;
; Auto ROM Replacement                                             ; On                 ; On                 ;
; Auto RAM Replacement                                             ; On                 ; On                 ;
; Auto DSP Block Replacement                                       ; On                 ; On                 ;
; Auto Shift Register Replacement                                  ; Auto               ; Auto               ;
; Allow Shift Register Merging across Hierarchies                  ; Auto               ; Auto               ;
; Auto Clock Enable Replacement                                    ; On                 ; On                 ;
; Strict RAM Replacement                                           ; Off                ; Off                ;
; Allow Synchronous Control Signals                                ; On                 ; On                 ;
; Force Use of Synchronous Clear Signals                           ; Off                ; Off                ;
; Auto RAM Block Balancing                                         ; On                 ; On                 ;
; Auto RAM to Logic Cell Conversion                                ; Off                ; Off                ;
; Auto Resource Sharing                                            ; Off                ; Off                ;
; Allow Any RAM Size For Recognition                               ; Off                ; Off                ;
; Allow Any ROM Size For Recognition                               ; Off                ; Off                ;
; Allow Any Shift Register Size For Recognition                    ; Off                ; Off                ;
; Use LogicLock Constraints during Resource Balancing              ; On                 ; On                 ;
; Ignore translate_off and synthesis_off directives                ; Off                ; Off                ;
; Timing-Driven Synthesis                                          ; On                 ; On                 ;
; Report Parameter Settings                                        ; On                 ; On                 ;
; Report Source Assignments                                        ; On                 ; On                 ;
; Report Connectivity Checks                                       ; On                 ; On                 ;
; Ignore Maximum Fan-Out Assignments                               ; Off                ; Off                ;
; Synchronization Register Chain Length                            ; 2                  ; 2                  ;
; Power Optimization During Synthesis                              ; Normal compilation ; Normal compilation ;
; HDL message level                                                ; Level2             ; Level2             ;
; Suppress Register Optimization Related Messages                  ; Off                ; Off                ;
; Number of Removed Registers Reported in Synthesis Report         ; 5000               ; 5000               ;
; Number of Swept Nodes Reported in Synthesis Report               ; 5000               ; 5000               ;
; Number of Inverted Registers Reported in Synthesis Report        ; 100                ; 100                ;
; Clock MUX Protection                                             ; On                 ; On                 ;
; Auto Gated Clock Conversion                                      ; Off                ; Off                ;
; Block Design Naming                                              ; Auto               ; Auto               ;
; SDC constraint protection                                        ; Off                ; Off                ;
; Synthesis Effort                                                 ; Auto               ; Auto               ;
; Shift Register Replacement - Allow Asynchronous Clear Signal     ; On                 ; On                 ;
; Pre-Mapping Resynthesis Optimization                             ; Off                ; Off                ;
; Analysis & Synthesis Message Level                               ; Medium             ; Medium             ;
; Disable Register Merging Across Hierarchies                      ; Auto               ; Auto               ;
; Resource Aware Inference For Block RAM                           ; On                 ; On                 ;
+------------------------------------------------------------------+--------------------+--------------------+


+------------------------------------------+
; Parallel Compilation                     ;
+----------------------------+-------------+
; Processors                 ; Number      ;
+----------------------------+-------------+
; Number detected on machine ; 8           ;
; Maximum allowed            ; 4           ;
;                            ;             ;
; Average used               ; 1.00        ;
; Maximum used               ; 1           ;
;                            ;             ;
; Usage by Processor         ; % Time Used ;
;     Processor 1            ; 100.0%      ;
+----------------------------+-------------+


+-----------------------------------------------------------------------------------------------------------------------------------------------------------+
; Analysis & Synthesis Source Files Read                                                                                                                    ;
+----------------------------------+-----------------+------------------------+-------------------------------------------------------------------+---------+
; File Name with User-Entered Path ; Used in Netlist ; File Type              ; File Name with Absolute Path                                      ; Library ;
+----------------------------------+-----------------+------------------------+-------------------------------------------------------------------+---------+
; ../../hdl/booth.v                ; yes             ; User Verilog HDL File  ; C:/Users/Tao Wang/Desktop/EEC180/lab5/hdl/booth.v                 ;         ;
; Lab5_P2.v                        ; yes             ; User Verilog HDL File  ; C:/Users/Tao Wang/Desktop/EEC180/lab5/synthesis/Lab5_P2/Lab5_P2.v ;         ;
+----------------------------------+-----------------+------------------------+-------------------------------------------------------------------+---------+


+--------------------------------------------------------------+
; Analysis & Synthesis Resource Usage Summary                  ;
+---------------------------------------------+----------------+
; Resource                                    ; Usage          ;
+---------------------------------------------+----------------+
;                                             ;                ;
; Total combinational functions               ; 0              ;
; Logic element usage by number of LUT inputs ;                ;
;     -- 4 input functions                    ; 0              ;
;     -- 3 input functions                    ; 0              ;
;     -- <=2 input functions                  ; 0              ;
;                                             ;                ;
; Logic elements by mode                      ;                ;
;     -- normal mode                          ; 0              ;
;     -- arithmetic mode                      ; 0              ;
;                                             ;                ;
; Total registers                             ; 0              ;
;     -- Dedicated logic registers            ; 0              ;
;     -- I/O registers                        ; 0              ;
;                                             ;                ;
; I/O pins                                    ; 60             ;
;                                             ;                ;
; Embedded Multiplier 9-bit elements          ; 0              ;
;                                             ;                ;
; Maximum fan-out node                        ; HEX0[0]~output ;
; Maximum fan-out                             ; 1              ;
; Total fan-out                               ; 60             ;
; Average fan-out                             ; 0.50           ;
+---------------------------------------------+----------------+


+------------------------------------------------------------------------------------------------------------------------------------------------------------------------------------------------------------------------------------+
; Analysis & Synthesis Resource Utilization by Entity                                                                                                                                                                                ;
+----------------------------+---------------------+---------------------------+-------------+------------+--------------+---------+-----------+------+--------------+------------+---------------------+-------------+--------------+
; Compilation Hierarchy Node ; Combinational ALUTs ; Dedicated Logic Registers ; Memory Bits ; UFM Blocks ; DSP Elements ; DSP 9x9 ; DSP 18x18 ; Pins ; Virtual Pins ; ADC blocks ; Full Hierarchy Name ; Entity Name ; Library Name ;
+----------------------------+---------------------+---------------------------+-------------+------------+--------------+---------+-----------+------+--------------+------------+---------------------+-------------+--------------+
; |Lab5_P2                   ; 0 (0)               ; 0 (0)                     ; 0           ; 0          ; 0            ; 0       ; 0         ; 60   ; 0            ; 0          ; |Lab5_P2            ; Lab5_P2     ; work         ;
+----------------------------+---------------------+---------------------------+-------------+------------+--------------+---------+-----------+------+--------------+------------+---------------------+-------------+--------------+
Note: For table entries with two numbers listed, the numbers in parentheses indicate the number of resources of the given type used by the specific entity alone. The numbers listed outside of parentheses indicate the total resources of the given type used by the specific entity and all of its sub-entities in the hierarchy.


Encoding Type:  One-Hot
+-------------------------------------------------+
; State Machine - |Lab5_P2|booth:multiplier|state ;
+----------+----------+----------+----------------+
; Name     ; state.S1 ; state.S3 ; state.S2       ;
+----------+----------+----------+----------------+
; state.S1 ; 0        ; 0        ; 0              ;
; state.S2 ; 1        ; 0        ; 1              ;
; state.S3 ; 1        ; 1        ; 0              ;
+----------+----------+----------+----------------+


+-------------------------------------------------------------------------------+
; Registers Removed During Synthesis                                            ;
+----------------------------------------+--------------------------------------+
; Register name                          ; Reason for Removal                   ;
+----------------------------------------+--------------------------------------+
; booth:multiplier|count[0]              ; Stuck at GND due to stuck port clock ;
; booth:multiplier|C[0..17]              ; Stuck at GND due to stuck port clock ;
; booth:multiplier|CompC[0..17]          ; Stuck at GND due to stuck port clock ;
; booth:multiplier|Product[0..17]        ; Stuck at GND due to stuck port clock ;
; booth:multiplier|count[1,2]            ; Stuck at GND due to stuck port clock ;
; booth:multiplier|state.S2              ; Lost fanout                          ;
; booth:multiplier|state.S3              ; Lost fanout                          ;
; booth:multiplier|state.S1              ; Stuck at GND due to stuck port clock ;
; Total Number of Removed Registers = 60 ;                                      ;
+----------------------------------------+--------------------------------------+


+----------------------------------------------------------------------------------------------------------------+
; Removed Registers Triggering Further Register Optimizations                                                    ;
+------------------------+-------------------------+-------------------------------------------------------------+
; Register name          ; Reason for Removal      ; Registers Removed due to This Register                      ;
+------------------------+-------------------------+-------------------------------------------------------------+
; booth:multiplier|C[17] ; Stuck at GND            ; booth:multiplier|Product[17], booth:multiplier|Product[16], ;
;                        ; due to stuck port clock ; booth:multiplier|Product[15], booth:multiplier|Product[14], ;
;                        ;                         ; booth:multiplier|Product[13], booth:multiplier|Product[12], ;
;                        ;                         ; booth:multiplier|Product[11], booth:multiplier|Product[10], ;
;                        ;                         ; booth:multiplier|Product[9], booth:multiplier|Product[8],   ;
;                        ;                         ; booth:multiplier|Product[7], booth:multiplier|Product[6],   ;
;                        ;                         ; booth:multiplier|Product[5], booth:multiplier|Product[4],   ;
;                        ;                         ; booth:multiplier|Product[3], booth:multiplier|Product[2]    ;
+------------------------+-------------------------+-------------------------------------------------------------+


+------------------------------------------------------+
; General Register Statistics                          ;
+----------------------------------------------+-------+
; Statistic                                    ; Value ;
+----------------------------------------------+-------+
; Total registers                              ; 0     ;
; Number of registers using Synchronous Clear  ; 0     ;
; Number of registers using Synchronous Load   ; 0     ;
; Number of registers using Asynchronous Clear ; 0     ;
; Number of registers using Asynchronous Load  ; 0     ;
; Number of registers using Clock Enable       ; 0     ;
; Number of registers using Preset             ; 0     ;
+----------------------------------------------+-------+


+---------------------------------------------------------------------------------------------------------------------------------------------------------------------------------------------------------------+
; Port Connectivity Checks: "booth:multiplier"                                                                                                                                                                  ;
+-----------------+--------+----------+-------------------------------------------------------------------------------------------------------------------------------------------------------------------------+
; Port            ; Type   ; Severity ; Details                                                                                                                                                                 ;
+-----------------+--------+----------+-------------------------------------------------------------------------------------------------------------------------------------------------------------------------+
; Finish          ; Output ; Info     ; Connected to dangling logic. Logic that only feeds a dangling port will be removed.                                                                                     ;
; FProduct        ; Output ; Warning  ; Output or bidir port (16 bits) is smaller than the port expression (18 bits) it drives.  The 2 most-significant bit(s) in the port expression will be connected to GND. ;
; FProduct[15..0] ; Output ; Info     ; Connected to dangling logic. Logic that only feeds a dangling port will be removed.                                                                                     ;
+-----------------+--------+----------+-------------------------------------------------------------------------------------------------------------------------------------------------------------------------+


+-----------------------------------------------------+
; Post-Synthesis Netlist Statistics for Top Partition ;
+-----------------------+-----------------------------+
; Type                  ; Count                       ;
+-----------------------+-----------------------------+
; boundary_port         ; 60                          ;
; cycloneiii_lcell_comb ; 1                           ;
;     normal            ; 1                           ;
;         0 data inputs ; 1                           ;
;                       ;                             ;
; Max LUT depth         ; 0.00                        ;
; Average LUT depth     ; 0.00                        ;
+-----------------------+-----------------------------+


+-------------------------------+
; Elapsed Time Per Partition    ;
+----------------+--------------+
; Partition Name ; Elapsed Time ;
+----------------+--------------+
; Top            ; 00:00:00     ;
+----------------+--------------+


+-------------------------------+
; Analysis & Synthesis Messages ;
+-------------------------------+
Info: *******************************************************************
Info: Running Quartus Prime Analysis & Synthesis
    Info: Version 19.1.0 Build 670 09/22/2019 SJ Lite Edition
    Info: Processing started: Wed Feb 21 09:01:05 2024
Info: Command: quartus_map --read_settings_files=on --write_settings_files=off Lab5_P2 -c Lab5_P2
Warning (18236): Number of processors has not been specified which may cause overloading on shared machines.  Set the global assignment NUM_PARALLEL_PROCESSORS in your QSF to an appropriate value for best performance.
Info (20030): Parallel compilation is enabled and will use 4 of the 4 processors detected
Info (12021): Found 1 design units, including 1 entities, in source file /users/tao wang/desktop/eec180/lab5/hdl/seg7hex.v
    Info (12023): Found entity 1: seg7hex File: C:/Users/Tao Wang/Desktop/EEC180/lab5/hdl/seg7hex.v Line: 1
Info (12021): Found 1 design units, including 1 entities, in source file /users/tao wang/desktop/eec180/lab5/hdl/booth.v
    Info (12023): Found entity 1: booth File: C:/Users/Tao Wang/Desktop/EEC180/lab5/hdl/booth.v Line: 1
Info (12021): Found 1 design units, including 1 entities, in source file lab5_p2.v
    Info (12023): Found entity 1: Lab5_P2 File: C:/Users/Tao Wang/Desktop/EEC180/lab5/synthesis/Lab5_P2/Lab5_P2.v Line: 6
Warning (12019): Can't analyze file -- file ../hdl/multControl.v is missing
Info (12127): Elaborating entity "Lab5_P2" for the top level hierarchy
Warning (10034): Output port "HEX0" at Lab5_P2.v(9) has no driver File: C:/Users/Tao Wang/Desktop/EEC180/lab5/synthesis/Lab5_P2/Lab5_P2.v Line: 9
Warning (10034): Output port "HEX1" at Lab5_P2.v(10) has no driver File: C:/Users/Tao Wang/Desktop/EEC180/lab5/synthesis/Lab5_P2/Lab5_P2.v Line: 10
Warning (10034): Output port "HEX2" at Lab5_P2.v(11) has no driver File: C:/Users/Tao Wang/Desktop/EEC180/lab5/synthesis/Lab5_P2/Lab5_P2.v Line: 11
Warning (10034): Output port "HEX3" at Lab5_P2.v(12) has no driver File: C:/Users/Tao Wang/Desktop/EEC180/lab5/synthesis/Lab5_P2/Lab5_P2.v Line: 12
Warning (10034): Output port "HEX4" at Lab5_P2.v(13) has no driver File: C:/Users/Tao Wang/Desktop/EEC180/lab5/synthesis/Lab5_P2/Lab5_P2.v Line: 13
Warning (10034): Output port "HEX5" at Lab5_P2.v(14) has no driver File: C:/Users/Tao Wang/Desktop/EEC180/lab5/synthesis/Lab5_P2/Lab5_P2.v Line: 14
Info (12128): Elaborating entity "booth" for hierarchy "booth:multiplier" File: C:/Users/Tao Wang/Desktop/EEC180/lab5/synthesis/Lab5_P2/Lab5_P2.v Line: 42
Warning (12241): 1 hierarchies have connectivity warnings - see the Connectivity Checks report folder
Warning (13024): Output pins are stuck at VCC or GND
    Warning (13410): Pin "HEX0[0]" is stuck at GND File: C:/Users/Tao Wang/Desktop/EEC180/lab5/synthesis/Lab5_P2/Lab5_P2.v Line: 9
    Warning (13410): Pin "HEX0[1]" is stuck at GND File: C:/Users/Tao Wang/Desktop/EEC180/lab5/synthesis/Lab5_P2/Lab5_P2.v Line: 9
    Warning (13410): Pin "HEX0[2]" is stuck at GND File: C:/Users/Tao Wang/Desktop/EEC180/lab5/synthesis/Lab5_P2/Lab5_P2.v Line: 9
    Warning (13410): Pin "HEX0[3]" is stuck at GND File: C:/Users/Tao Wang/Desktop/EEC180/lab5/synthesis/Lab5_P2/Lab5_P2.v Line: 9
    Warning (13410): Pin "HEX0[4]" is stuck at GND File: C:/Users/Tao Wang/Desktop/EEC180/lab5/synthesis/Lab5_P2/Lab5_P2.v Line: 9
    Warning (13410): Pin "HEX0[5]" is stuck at GND File: C:/Users/Tao Wang/Desktop/EEC180/lab5/synthesis/Lab5_P2/Lab5_P2.v Line: 9
    Warning (13410): Pin "HEX0[6]" is stuck at GND File: C:/Users/Tao Wang/Desktop/EEC180/lab5/synthesis/Lab5_P2/Lab5_P2.v Line: 9
    Warning (13410): Pin "HEX0[7]" is stuck at GND File: C:/Users/Tao Wang/Desktop/EEC180/lab5/synthesis/Lab5_P2/Lab5_P2.v Line: 9
    Warning (13410): Pin "HEX1[0]" is stuck at GND File: C:/Users/Tao Wang/Desktop/EEC180/lab5/synthesis/Lab5_P2/Lab5_P2.v Line: 10
    Warning (13410): Pin "HEX1[1]" is stuck at GND File: C:/Users/Tao Wang/Desktop/EEC180/lab5/synthesis/Lab5_P2/Lab5_P2.v Line: 10
    Warning (13410): Pin "HEX1[2]" is stuck at GND File: C:/Users/Tao Wang/Desktop/EEC180/lab5/synthesis/Lab5_P2/Lab5_P2.v Line: 10
    Warning (13410): Pin "HEX1[3]" is stuck at GND File: C:/Users/Tao Wang/Desktop/EEC180/lab5/synthesis/Lab5_P2/Lab5_P2.v Line: 10
    Warning (13410): Pin "HEX1[4]" is stuck at GND File: C:/Users/Tao Wang/Desktop/EEC180/lab5/synthesis/Lab5_P2/Lab5_P2.v Line: 10
    Warning (13410): Pin "HEX1[5]" is stuck at GND File: C:/Users/Tao Wang/Desktop/EEC180/lab5/synthesis/Lab5_P2/Lab5_P2.v Line: 10
    Warning (13410): Pin "HEX1[6]" is stuck at GND File: C:/Users/Tao Wang/Desktop/EEC180/lab5/synthesis/Lab5_P2/Lab5_P2.v Line: 10
    Warning (13410): Pin "HEX1[7]" is stuck at GND File: C:/Users/Tao Wang/Desktop/EEC180/lab5/synthesis/Lab5_P2/Lab5_P2.v Line: 10
    Warning (13410): Pin "HEX2[0]" is stuck at GND File: C:/Users/Tao Wang/Desktop/EEC180/lab5/synthesis/Lab5_P2/Lab5_P2.v Line: 11
    Warning (13410): Pin "HEX2[1]" is stuck at GND File: C:/Users/Tao Wang/Desktop/EEC180/lab5/synthesis/Lab5_P2/Lab5_P2.v Line: 11
    Warning (13410): Pin "HEX2[2]" is stuck at GND File: C:/Users/Tao Wang/Desktop/EEC180/lab5/synthesis/Lab5_P2/Lab5_P2.v Line: 11
    Warning (13410): Pin "HEX2[3]" is stuck at GND File: C:/Users/Tao Wang/Desktop/EEC180/lab5/synthesis/Lab5_P2/Lab5_P2.v Line: 11
    Warning (13410): Pin "HEX2[4]" is stuck at GND File: C:/Users/Tao Wang/Desktop/EEC180/lab5/synthesis/Lab5_P2/Lab5_P2.v Line: 11
    Warning (13410): Pin "HEX2[5]" is stuck at GND File: C:/Users/Tao Wang/Desktop/EEC180/lab5/synthesis/Lab5_P2/Lab5_P2.v Line: 11
    Warning (13410): Pin "HEX2[6]" is stuck at GND File: C:/Users/Tao Wang/Desktop/EEC180/lab5/synthesis/Lab5_P2/Lab5_P2.v Line: 11
    Warning (13410): Pin "HEX2[7]" is stuck at GND File: C:/Users/Tao Wang/Desktop/EEC180/lab5/synthesis/Lab5_P2/Lab5_P2.v Line: 11
    Warning (13410): Pin "HEX3[0]" is stuck at GND File: C:/Users/Tao Wang/Desktop/EEC180/lab5/synthesis/Lab5_P2/Lab5_P2.v Line: 12
    Warning (13410): Pin "HEX3[1]" is stuck at GND File: C:/Users/Tao Wang/Desktop/EEC180/lab5/synthesis/Lab5_P2/Lab5_P2.v Line: 12
    Warning (13410): Pin "HEX3[2]" is stuck at GND File: C:/Users/Tao Wang/Desktop/EEC180/lab5/synthesis/Lab5_P2/Lab5_P2.v Line: 12
    Warning (13410): Pin "HEX3[3]" is stuck at GND File: C:/Users/Tao Wang/Desktop/EEC180/lab5/synthesis/Lab5_P2/Lab5_P2.v Line: 12
    Warning (13410): Pin "HEX3[4]" is stuck at GND File: C:/Users/Tao Wang/Desktop/EEC180/lab5/synthesis/Lab5_P2/Lab5_P2.v Line: 12
    Warning (13410): Pin "HEX3[5]" is stuck at GND File: C:/Users/Tao Wang/Desktop/EEC180/lab5/synthesis/Lab5_P2/Lab5_P2.v Line: 12
    Warning (13410): Pin "HEX3[6]" is stuck at GND File: C:/Users/Tao Wang/Desktop/EEC180/lab5/synthesis/Lab5_P2/Lab5_P2.v Line: 12
    Warning (13410): Pin "HEX3[7]" is stuck at GND File: C:/Users/Tao Wang/Desktop/EEC180/lab5/synthesis/Lab5_P2/Lab5_P2.v Line: 12
    Warning (13410): Pin "HEX4[0]" is stuck at GND File: C:/Users/Tao Wang/Desktop/EEC180/lab5/synthesis/Lab5_P2/Lab5_P2.v Line: 13
    Warning (13410): Pin "HEX4[1]" is stuck at GND File: C:/Users/Tao Wang/Desktop/EEC180/lab5/synthesis/Lab5_P2/Lab5_P2.v Line: 13
    Warning (13410): Pin "HEX4[2]" is stuck at GND File: C:/Users/Tao Wang/Desktop/EEC180/lab5/synthesis/Lab5_P2/Lab5_P2.v Line: 13
    Warning (13410): Pin "HEX4[3]" is stuck at GND File: C:/Users/Tao Wang/Desktop/EEC180/lab5/synthesis/Lab5_P2/Lab5_P2.v Line: 13
    Warning (13410): Pin "HEX4[4]" is stuck at GND File: C:/Users/Tao Wang/Desktop/EEC180/lab5/synthesis/Lab5_P2/Lab5_P2.v Line: 13
    Warning (13410): Pin "HEX4[5]" is stuck at GND File: C:/Users/Tao Wang/Desktop/EEC180/lab5/synthesis/Lab5_P2/Lab5_P2.v Line: 13
    Warning (13410): Pin "HEX4[6]" is stuck at GND File: C:/Users/Tao Wang/Desktop/EEC180/lab5/synthesis/Lab5_P2/Lab5_P2.v Line: 13
    Warning (13410): Pin "HEX4[7]" is stuck at GND File: C:/Users/Tao Wang/Desktop/EEC180/lab5/synthesis/Lab5_P2/Lab5_P2.v Line: 13
    Warning (13410): Pin "HEX5[0]" is stuck at GND File: C:/Users/Tao Wang/Desktop/EEC180/lab5/synthesis/Lab5_P2/Lab5_P2.v Line: 14
    Warning (13410): Pin "HEX5[1]" is stuck at GND File: C:/Users/Tao Wang/Desktop/EEC180/lab5/synthesis/Lab5_P2/Lab5_P2.v Line: 14
    Warning (13410): Pin "HEX5[2]" is stuck at GND File: C:/Users/Tao Wang/Desktop/EEC180/lab5/synthesis/Lab5_P2/Lab5_P2.v Line: 14
    Warning (13410): Pin "HEX5[3]" is stuck at GND File: C:/Users/Tao Wang/Desktop/EEC180/lab5/synthesis/Lab5_P2/Lab5_P2.v Line: 14
    Warning (13410): Pin "HEX5[4]" is stuck at GND File: C:/Users/Tao Wang/Desktop/EEC180/lab5/synthesis/Lab5_P2/Lab5_P2.v Line: 14
    Warning (13410): Pin "HEX5[5]" is stuck at GND File: C:/Users/Tao Wang/Desktop/EEC180/lab5/synthesis/Lab5_P2/Lab5_P2.v Line: 14
    Warning (13410): Pin "HEX5[6]" is stuck at GND File: C:/Users/Tao Wang/Desktop/EEC180/lab5/synthesis/Lab5_P2/Lab5_P2.v Line: 14
    Warning (13410): Pin "HEX5[7]" is stuck at GND File: C:/Users/Tao Wang/Desktop/EEC180/lab5/synthesis/Lab5_P2/Lab5_P2.v Line: 14
Info (17049): 2 registers lost all their fanouts during netlist optimizations.
Info (144001): Generated suppressed messages file C:/Users/Tao Wang/Desktop/EEC180/lab5/synthesis/Lab5_P2/Lab5_P2.map.smsg
Info (16010): Generating hard_block partition "hard_block:auto_generated_inst"
    Info (16011): Adding 0 node(s), including 0 DDIO, 0 PLL, 0 transceiver and 0 LCELL
Warning (21074): Design contains 12 input pin(s) that do not drive logic
    Warning (15610): No output dependent on input pin "KEY[0]" File: C:/Users/Tao Wang/Desktop/EEC180/lab5/synthesis/Lab5_P2/Lab5_P2.v Line: 17
    Warning (15610): No output dependent on input pin "KEY[1]" File: C:/Users/Tao Wang/Desktop/EEC180/lab5/synthesis/Lab5_P2/Lab5_P2.v Line: 17
    Warning (15610): No output dependent on input pin "SW[0]" File: C:/Users/Tao Wang/Desktop/EEC180/lab5/synthesis/Lab5_P2/Lab5_P2.v Line: 21
    Warning (15610): No output dependent on input pin "SW[1]" File: C:/Users/Tao Wang/Desktop/EEC180/lab5/synthesis/Lab5_P2/Lab5_P2.v Line: 21
    Warning (15610): No output dependent on input pin "SW[2]" File: C:/Users/Tao Wang/Desktop/EEC180/lab5/synthesis/Lab5_P2/Lab5_P2.v Line: 21
    Warning (15610): No output dependent on input pin "SW[3]" File: C:/Users/Tao Wang/Desktop/EEC180/lab5/synthesis/Lab5_P2/Lab5_P2.v Line: 21
    Warning (15610): No output dependent on input pin "SW[4]" File: C:/Users/Tao Wang/Desktop/EEC180/lab5/synthesis/Lab5_P2/Lab5_P2.v Line: 21
    Warning (15610): No output dependent on input pin "SW[5]" File: C:/Users/Tao Wang/Desktop/EEC180/lab5/synthesis/Lab5_P2/Lab5_P2.v Line: 21
    Warning (15610): No output dependent on input pin "SW[6]" File: C:/Users/Tao Wang/Desktop/EEC180/lab5/synthesis/Lab5_P2/Lab5_P2.v Line: 21
    Warning (15610): No output dependent on input pin "SW[7]" File: C:/Users/Tao Wang/Desktop/EEC180/lab5/synthesis/Lab5_P2/Lab5_P2.v Line: 21
    Warning (15610): No output dependent on input pin "SW[8]" File: C:/Users/Tao Wang/Desktop/EEC180/lab5/synthesis/Lab5_P2/Lab5_P2.v Line: 21
    Warning (15610): No output dependent on input pin "SW[9]" File: C:/Users/Tao Wang/Desktop/EEC180/lab5/synthesis/Lab5_P2/Lab5_P2.v Line: 21
Info (21057): Implemented 60 device resources after synthesis - the final resource count might be different
    Info (21058): Implemented 12 input pins
    Info (21059): Implemented 48 output pins
Info: Quartus Prime Analysis & Synthesis was successful. 0 errors, 71 warnings
    Info: Peak virtual memory: 4744 megabytes
    Info: Processing ended: Wed Feb 21 09:01:19 2024
    Info: Elapsed time: 00:00:14
    Info: Total CPU time (on all processors): 00:00:23


+------------------------------------------+
; Analysis & Synthesis Suppressed Messages ;
+------------------------------------------+
The suppressed messages can be found in C:/Users/Tao Wang/Desktop/EEC180/lab5/synthesis/Lab5_P2/Lab5_P2.map.smsg.


