Flow report for extra_credit_ptII
Sat Feb 17 18:06:27 2024
Quartus Prime Version 19.1.0 Build 670 09/22/2019 SJ Lite Edition


---------------------
; Table of Contents ;
---------------------
  1. Legal Notice
  2. Flow Summary
  3. Flow Settings
  4. Flow Non-Default Global Settings
  5. Flow Elapsed Time
  6. Flow OS Summary
  7. Flow Log
  8. Flow Messages
  9. Flow Suppressed Messages



----------------
; Legal Notice ;
----------------
Copyright (C) 2019  Intel Corporation. All rights reserved.
Your use of Intel Corporation's design tools, logic functions 
and other software and tools, and any partner logic 
functions, and any output files from any of the foregoing 
(including device programming or simulation files), and any 
associated documentation or information are expressly subject 
to the terms and conditions of the Intel Program License 
Subscription Agreement, the Intel Quartus Prime License Agreement,
the Intel FPGA IP License Agreement, or other applicable license
agreement, including, without limitation, that your use is for
the sole purpose of programming logic devices manufactured by
Intel and sold by Intel or its authorized distributors.  Please
refer to the applicable agreement for further details, at
https://fpgasoftware.intel.com/eula.



+----------------------------------------------------------------------------------+
; Flow Summary                                                                     ;
+------------------------------------+---------------------------------------------+
; Flow Status                        ; Successful - Sat Feb 17 18:06:20 2024       ;
; Quartus Prime Version              ; 19.1.0 Build 670 09/22/2019 SJ Lite Edition ;
; Revision Name                      ; extra_credit_ptII                           ;
; Top-level Entity Name              ; extra_credit_ptII                           ;
; Family                             ; MAX 10                                      ;
; Device                             ; 10M50DAF484C7G                              ;
; Timing Models                      ; Final                                       ;
; Total logic elements               ; 952 / 49,760 ( 2 % )                        ;
;     Total combinational functions  ; 684 / 49,760 ( 1 % )                        ;
;     Dedicated logic registers      ; 674 / 49,760 ( 1 % )                        ;
; Total registers                    ; 674                                         ;
; Total pins                         ; 73 / 360 ( 20 % )                           ;
; Total virtual pins                 ; 0                                           ;
; Total memory bits                  ; 1,024 / 1,677,312 ( < 1 % )                 ;
; Embedded Multiplier 9-bit elements ; 0 / 288 ( 0 % )                             ;
; Total PLLs                         ; 0 / 4 ( 0 % )                               ;
; UFM blocks                         ; 0 / 1 ( 0 % )                               ;
; ADC blocks                         ; 0 / 2 ( 0 % )                               ;
+------------------------------------+---------------------------------------------+


+-----------------------------------------+
; Flow Settings                           ;
+-------------------+---------------------+
; Option            ; Setting             ;
+-------------------+---------------------+
; Start date & time ; 02/17/2024 18:05:05 ;
; Main task         ; Compilation         ;
; Revision Name     ; extra_credit_ptII   ;
+-------------------+---------------------+


+--------------------------------------------------------------------------------------------------------------------------------------------------------------------------------+
; Flow Non-Default Global Settings                                                                                                                                               ;
+-------------------------------------+-----------------------------------------------------------------------------------------+---------------+-------------+------------------+
; Assignment Name                     ; Value                                                                                   ; Default Value ; Entity Name ; Section Id       ;
+-------------------------------------+-----------------------------------------------------------------------------------------+---------------+-------------+------------------+
; COMPILER_SIGNATURE_ID               ; 220874684818563.170822190509172                                                         ; --            ; --          ; --               ;
; ENABLE_SIGNALTAP                    ; On                                                                                      ; --            ; --          ; --               ;
; MAX_CORE_JUNCTION_TEMP              ; 85                                                                                      ; --            ; --          ; --               ;
; MIN_CORE_JUNCTION_TEMP              ; 0                                                                                       ; --            ; --          ; --               ;
; PARTITION_COLOR                     ; -- (Not supported for targeted family)                                                  ; --            ; --          ; Top              ;
; PARTITION_FITTER_PRESERVATION_LEVEL ; -- (Not supported for targeted family)                                                  ; --            ; --          ; Top              ;
; PARTITION_NETLIST_TYPE              ; -- (Not supported for targeted family)                                                  ; --            ; --          ; Top              ;
; POWER_BOARD_THERMAL_MODEL           ; None (CONSERVATIVE)                                                                     ; --            ; --          ; --               ;
; POWER_PRESET_COOLING_SOLUTION       ; 23 MM HEAT SINK WITH 200 LFPM AIRFLOW                                                   ; --            ; --          ; --               ;
; SLD_FILE                            ; db/signal_tap_booth_auto_stripped.stp                                                   ; --            ; --          ; --               ;
; SLD_NODE_CREATOR_ID                 ; 110                                                                                     ; --            ; --          ; auto_signaltap_0 ;
; SLD_NODE_ENTITY_NAME                ; sld_signaltap                                                                           ; --            ; --          ; auto_signaltap_0 ;
; SLD_NODE_PARAMETER_ASSIGNMENT       ; SLD_RAM_BLOCK_TYPE=AUTO                                                                 ; --            ; --          ; auto_signaltap_0 ;
; SLD_NODE_PARAMETER_ASSIGNMENT       ; SLD_DATA_BITS=16                                                                        ; --            ; --          ; auto_signaltap_0 ;
; SLD_NODE_PARAMETER_ASSIGNMENT       ; SLD_TRIGGER_BITS=16                                                                     ; --            ; --          ; auto_signaltap_0 ;
; SLD_NODE_PARAMETER_ASSIGNMENT       ; SLD_STORAGE_QUALIFIER_BITS=16                                                           ; --            ; --          ; auto_signaltap_0 ;
; SLD_NODE_PARAMETER_ASSIGNMENT       ; SLD_NODE_INFO=805334528                                                                 ; --            ; --          ; auto_signaltap_0 ;
; SLD_NODE_PARAMETER_ASSIGNMENT       ; SLD_POWER_UP_TRIGGER=0                                                                  ; --            ; --          ; auto_signaltap_0 ;
; SLD_NODE_PARAMETER_ASSIGNMENT       ; SLD_INVERSION_MASK=00000000000000000000000000000000000000000000000000000000000000000000 ; --            ; --          ; auto_signaltap_0 ;
; SLD_NODE_PARAMETER_ASSIGNMENT       ; SLD_INVERSION_MASK_LENGTH=68                                                            ; --            ; --          ; auto_signaltap_0 ;
; SLD_NODE_PARAMETER_ASSIGNMENT       ; SLD_STORAGE_QUALIFIER_INVERSION_MASK_LENGTH=0                                           ; --            ; --          ; auto_signaltap_0 ;
; SLD_NODE_PARAMETER_ASSIGNMENT       ; SLD_SEGMENT_SIZE=64                                                                     ; --            ; --          ; auto_signaltap_0 ;
; SLD_NODE_PARAMETER_ASSIGNMENT       ; SLD_ATTRIBUTE_MEM_MODE=OFF                                                              ; --            ; --          ; auto_signaltap_0 ;
; SLD_NODE_PARAMETER_ASSIGNMENT       ; SLD_STATE_FLOW_USE_GENERATED=0                                                          ; --            ; --          ; auto_signaltap_0 ;
; SLD_NODE_PARAMETER_ASSIGNMENT       ; SLD_STATE_BITS=11                                                                       ; --            ; --          ; auto_signaltap_0 ;
; SLD_NODE_PARAMETER_ASSIGNMENT       ; SLD_BUFFER_FULL_STOP=1                                                                  ; --            ; --          ; auto_signaltap_0 ;
; SLD_NODE_PARAMETER_ASSIGNMENT       ; SLD_CURRENT_RESOURCE_WIDTH=1                                                            ; --            ; --          ; auto_signaltap_0 ;
; SLD_NODE_PARAMETER_ASSIGNMENT       ; SLD_INCREMENTAL_ROUTING=1                                                               ; --            ; --          ; auto_signaltap_0 ;
; SLD_NODE_PARAMETER_ASSIGNMENT       ; SLD_TRIGGER_LEVEL=1                                                                     ; --            ; --          ; auto_signaltap_0 ;
; SLD_NODE_PARAMETER_ASSIGNMENT       ; SLD_SAMPLE_DEPTH=64                                                                     ; --            ; --          ; auto_signaltap_0 ;
; SLD_NODE_PARAMETER_ASSIGNMENT       ; SLD_TRIGGER_IN_ENABLED=1                                                                ; --            ; --          ; auto_signaltap_0 ;
; SLD_NODE_PARAMETER_ASSIGNMENT       ; SLD_TRIGGER_PIPELINE=0                                                                  ; --            ; --          ; auto_signaltap_0 ;
; SLD_NODE_PARAMETER_ASSIGNMENT       ; SLD_RAM_PIPELINE=0                                                                      ; --            ; --          ; auto_signaltap_0 ;
; SLD_NODE_PARAMETER_ASSIGNMENT       ; SLD_COUNTER_PIPELINE=0                                                                  ; --            ; --          ; auto_signaltap_0 ;
; SLD_NODE_PARAMETER_ASSIGNMENT       ; SLD_ADVANCED_TRIGGER_ENTITY=basic,1,                                                    ; --            ; --          ; auto_signaltap_0 ;
; SLD_NODE_PARAMETER_ASSIGNMENT       ; SLD_TRIGGER_LEVEL_PIPELINE=1                                                            ; --            ; --          ; auto_signaltap_0 ;
; SLD_NODE_PARAMETER_ASSIGNMENT       ; SLD_ENABLE_ADVANCED_TRIGGER=0                                                           ; --            ; --          ; auto_signaltap_0 ;
; USE_SIGNALTAP_FILE                  ; ../../ip/signal_tap_booth/signal_tap_booth.stp                                          ; --            ; --          ; --               ;
+-------------------------------------+-----------------------------------------------------------------------------------------+---------------+-------------+------------------+


+--------------------------------------------------------------------------------------------------------------------------+
; Flow Elapsed Time                                                                                                        ;
+----------------------+--------------+-------------------------+---------------------+------------------------------------+
; Module Name          ; Elapsed Time ; Average Processors Used ; Peak Virtual Memory ; Total CPU Time (on all processors) ;
+----------------------+--------------+-------------------------+---------------------+------------------------------------+
; Analysis & Synthesis ; 00:00:46     ; 1.0                     ; 4847 MB             ; 00:01:12                           ;
; Partition Merge      ; 00:00:01     ; 1.0                     ; 4696 MB             ; 00:00:01                           ;
; Fitter               ; 00:00:16     ; 1.1                     ; 5667 MB             ; 00:00:19                           ;
; Assembler            ; 00:00:04     ; 1.0                     ; 4698 MB             ; 00:00:04                           ;
; Timing Analyzer      ; 00:00:05     ; 1.2                     ; 4843 MB             ; 00:00:05                           ;
; Total                ; 00:01:12     ; --                      ; --                  ; 00:01:41                           ;
+----------------------+--------------+-------------------------+---------------------+------------------------------------+


+------------------------------------------------------------------------------------+
; Flow OS Summary                                                                    ;
+----------------------+------------------+------------+------------+----------------+
; Module Name          ; Machine Hostname ; OS Name    ; OS Version ; Processor type ;
+----------------------+------------------+------------+------------+----------------+
; Analysis & Synthesis ; DESKTOP-ACQLE01  ; Windows 10 ; 10.0       ; x86_64         ;
; Partition Merge      ; DESKTOP-ACQLE01  ; Windows 10 ; 10.0       ; x86_64         ;
; Fitter               ; DESKTOP-ACQLE01  ; Windows 10 ; 10.0       ; x86_64         ;
; Assembler            ; DESKTOP-ACQLE01  ; Windows 10 ; 10.0       ; x86_64         ;
; Timing Analyzer      ; DESKTOP-ACQLE01  ; Windows 10 ; 10.0       ; x86_64         ;
+----------------------+------------------+------------+------------+----------------+


------------
; Flow Log ;
------------
quartus_map --read_settings_files=on --write_settings_files=off extra_credit_ptII -c extra_credit_ptII
quartus_cdb --read_settings_files=off --write_settings_files=off extra_credit_ptII -c extra_credit_ptII --merge=on
quartus_fit --read_settings_files=off --write_settings_files=off extra_credit_ptII -c extra_credit_ptII
quartus_asm --read_settings_files=off --write_settings_files=off extra_credit_ptII -c extra_credit_ptII
quartus_sta extra_credit_ptII -c extra_credit_ptII



